2020/01/30 12:00:42 ISIS: ISIS MPLS-TE: Create new MPLS TE Circuit context
2020/01/30 12:00:42 ISIS: MPLS-TE: Initialize circuit parameters for interface lo
2020/01/30 12:00:42 ISIS: ISIS MPLS-TE: Create new MPLS TE Circuit context
2020/01/30 12:00:42 ISIS: MPLS-TE: Initialize circuit parameters for interface r2-h2
2020/01/30 12:00:42 ISIS: ISIS MPLS-TE: Create new MPLS TE Circuit context
2020/01/30 12:00:42 ISIS: MPLS-TE: Initialize circuit parameters for interface r2-r1
2020/01/30 12:00:42 ISIS: ISIS MPLS-TE: Create new MPLS TE Circuit context
2020/01/30 12:00:42 ISIS: MPLS-TE: Initialize circuit parameters for interface r2-r3
2020/01/30 12:00:42 ISIS: [EC 100663304] ERROR: No such command on config line 18:  isis net 47.0023.0000.0000.0000.0000.0000.0000.1900.0004.00
2020/01/30 12:00:42 ISIS: MPLS-TE: Initialize circuit parameters for interface lo
2020/01/30 12:00:42 ISIS: MPLS-TE: Initialize circuit parameters for interface r2-h2
2020/01/30 12:00:42 ISIS: MPLS-TE: Initialize circuit parameters for interface r2-r1
2020/01/30 12:00:42 ISIS: MPLS-TE: Initialize circuit parameters for interface r2-r3
2020/01/30 12:00:42 ISIS: circuit already connected
2020/01/30 12:00:42 ISIS: circuit already connected
2020/01/30 12:00:42 ISIS: circuit already connected
2020/01/30 12:00:42 ISIS: circuit already connected
2020/01/30 12:10:58 ISIS: circuit already disconnected
2020/01/30 12:10:58 ISIS: circuit already disconnected
2020/01/30 12:13:29 ISIS: circuit already connected
2020/01/30 12:13:29 ISIS: ISIS MPLS-TE: Create new MPLS TE Circuit context
2020/01/30 12:13:29 ISIS: MPLS-TE: Initialize circuit parameters for interface r2-h2
2020/01/30 12:13:29 ISIS: circuit already connected
2020/01/30 12:13:29 ISIS: circuit already connected
2020/01/30 12:13:29 ISIS: circuit already connected
2020/01/30 12:13:29 ISIS: circuit already connected
2020/01/30 12:13:29 ISIS: circuit already connected
2020/01/30 12:13:29 ISIS: circuit already connected
2020/01/30 12:13:58 ISIS: circuit already disconnected
